2025-12-14T18:38:30.87766114Z ==> 
2025-12-14T18:38:31.067262039Z ==> ///////////////////////////////////////////////////////////
2025-12-14T18:38:31.25416733Z ==> 
2025-12-14T18:38:31.44683238Z ==> Available at your primary URL https://credmarket.onrender.com
2025-12-14T18:38:31.63417563Z ==> 
2025-12-14T18:38:31.82224294Z ==> ///////////////////////////////////////////////////////////
2025-12-14T18:38:33.650472391Z [2025-12-15 00:08:33,650] INFO listings.views views.home:18 - Home page accessed by user: Anonymous
2025-12-14T18:38:37.568932266Z [2025-12-15 00:08:37,537] DEBUG django.template base._resolve_lookup:925 - Exception while resolving variable 'q' in template 'listings/home.html'.
2025-12-14T18:38:37.568955487Z Traceback (most recent call last):
2025-12-14T18:38:37.568960897Z   File "/opt/render/project/src/.venv/lib/python3.11/site-packages/django/utils/datastructures.py", line 84, in __getitem__
2025-12-14T18:38:37.568965187Z     list_ = super().__getitem__(key)
2025-12-14T18:38:37.568969577Z             ^^^^^^^^^^^^^^^^^^^^^^^^
2025-12-14T18:38:37.568974367Z KeyError: 'q'
2025-12-14T18:38:37.568978167Z 
2025-12-14T18:38:37.568982767Z During handling of the above exception, another exception occurred:
2025-12-14T18:38:37.568986787Z 
2025-12-14T18:38:37.568991027Z Traceback (most recent call last):
2025-12-14T18:38:37.568995048Z   File "/opt/render/project/src/.venv/lib/python3.11/site-packages/django/template/base.py", line 875, in _resolve_lookup
2025-12-14T18:38:37.568999918Z     current = current[bit]
2025-12-14T18:38:37.569003968Z               ~~~~~~~^^^^^
2025-12-14T18:38:37.569008488Z   File "/opt/render/project/src/.venv/lib/python3.11/site-packages/django/utils/datastructures.py", line 86, in __getitem__
2025-12-14T18:38:37.569012548Z     raise MultiValueDictKeyError(key)
2025-12-14T18:38:37.569017548Z django.utils.datastructures.MultiValueDictKeyError: 'q'
2025-12-14T18:38:37.569021808Z 
2025-12-14T18:38:37.569041379Z During handling of the above exception, another exception occurred:
2025-12-14T18:38:37.569046359Z 
2025-12-14T18:38:37.569050599Z Traceback (most recent call last):
2025-12-14T18:38:37.569054979Z   File "/opt/render/project/src/.venv/lib/python3.11/site-packages/django/template/base.py", line 885, in _resolve_lookup
2025-12-14T18:38:37.569059219Z     current = getattr(current, bit)
2025-12-14T18:38:37.569063279Z               ^^^^^^^^^^^^^^^^^^^^^
2025-12-14T18:38:37.569067259Z AttributeError: 'QueryDict' object has no attribute 'q'
2025-12-14T18:38:37.569070979Z 
2025-12-14T18:38:37.569075199Z During handling of the above exception, another exception occurred:
2025-12-14T18:38:37.569079079Z 
2025-12-14T18:38:37.569083059Z Traceback (most recent call last):
2025-12-14T18:38:37.56908708Z   File "/opt/render/project/src/.venv/lib/python3.11/site-packages/django/template/base.py", line 891, in _resolve_lookup
2025-12-14T18:38:37.56909122Z     current = current[int(bit)]
2025-12-14T18:38:37.569095589Z                       ^^^^^^^^
2025-12-14T18:38:37.56910019Z ValueError: invalid literal for int() with base 10: 'q'
2025-12-14T18:38:37.56910407Z 
2025-12-14T18:38:37.5691085Z During handling of the above exception, another exception occurred:
2025-12-14T18:38:37.56911236Z 
2025-12-14T18:38:37.56911664Z Traceback (most recent call last):
2025-12-14T18:38:37.56912097Z   File "/opt/render/project/src/.venv/lib/python3.11/site-packages/django/template/base.py", line 898, in _resolve_lookup
2025-12-14T18:38:37.5691375Z     raise VariableDoesNotExist(
2025-12-14T18:38:37.569141921Z django.template.base.VariableDoesNotExist: Failed lookup for key [q] in <QueryDict: {}>
2025-12-14T18:38:37.751739935Z 127.0.0.1 - - [15/Dec/2025:00:08:37 +0530] "GET / HTTP/1.1" 200 27186 "-" "Go-http-client/2.0"
2025-12-14T18:39:30.184331535Z [2025-12-15 00:09:30 +0530] [53] [INFO] Handling signal: term
2025-12-14T18:39:30.184799068Z [2025-12-15 00:09:30 +0530] [55] [INFO] Worker exiting (pid: 55)
2025-12-14T18:39:31.497659138Z [2025-12-15 00:09:31 +0530] [53] [INFO] Shutting down: Master